c:\dev\c++\planegame\planegame\x64\debug\vc142.pdb
c:\dev\c++\planegame\planegame\x64\debug\vc142.idb
c:\dev\c++\planegame\planegame\x64\debug\player.obj
c:\dev\c++\planegame\planegame\x64\debug\plane.obj
c:\dev\c++\planegame\planegame\x64\debug\meteor.obj
c:\dev\c++\planegame\planegame\x64\debug\main.obj
c:\dev\c++\planegame\planegame\x64\debug\gameobj.obj
c:\dev\c++\planegame\planegame\x64\debug\game.obj
c:\dev\c++\planegame\planegame\x64\debug\flyable.obj
c:\dev\c++\planegame\planegame\x64\debug\coordinates.obj
c:\dev\c++\planegame\planegame\x64\debug\bullet.obj
c:\dev\c++\planegame\planegame\x64\debug\meteorite.obj
c:\dev\c++\planegame\planegame\x64\debug\utils.obj
c:\dev\c++\planegame\planegame\x64\debug\lives.obj
c:\dev\c++\planegame\x64\debug\planegame.exe
c:\dev\c++\planegame\x64\debug\planegame.ilk
c:\dev\c++\planegame\x64\debug\planegame.pdb
c:\dev\c++\planegame\planegame\x64\debug\game.obj.enc
c:\dev\c++\planegame\planegame\x64\debug\planegame.tlog\cl.command.1.tlog
c:\dev\c++\planegame\planegame\x64\debug\planegame.tlog\cl.read.1.tlog
c:\dev\c++\planegame\planegame\x64\debug\planegame.tlog\cl.write.1.tlog
c:\dev\c++\planegame\planegame\x64\debug\planegame.tlog\link.command.1.tlog
c:\dev\c++\planegame\planegame\x64\debug\planegame.tlog\link.read.1.tlog
c:\dev\c++\planegame\planegame\x64\debug\planegame.tlog\link.write.1.tlog
